
tasks.elf:     file format elf32-avr


Disassembly of section .text:

00000000 <__vectors>:
   0:	0c 94 34 00 	jmp	0x68	; 0x68 <__ctors_end>
   4:	0c 94 3e 00 	jmp	0x7c	; 0x7c <__bad_interrupt>
   8:	0c 94 3e 00 	jmp	0x7c	; 0x7c <__bad_interrupt>
   c:	0c 94 3e 00 	jmp	0x7c	; 0x7c <__bad_interrupt>
  10:	0c 94 3e 00 	jmp	0x7c	; 0x7c <__bad_interrupt>
  14:	0c 94 3e 00 	jmp	0x7c	; 0x7c <__bad_interrupt>
  18:	0c 94 3e 00 	jmp	0x7c	; 0x7c <__bad_interrupt>
  1c:	0c 94 3e 00 	jmp	0x7c	; 0x7c <__bad_interrupt>
  20:	0c 94 3e 00 	jmp	0x7c	; 0x7c <__bad_interrupt>
  24:	0c 94 3e 00 	jmp	0x7c	; 0x7c <__bad_interrupt>
  28:	0c 94 3e 00 	jmp	0x7c	; 0x7c <__bad_interrupt>
  2c:	0c 94 c6 00 	jmp	0x18c	; 0x18c <__vector_11>
  30:	0c 94 3e 00 	jmp	0x7c	; 0x7c <__bad_interrupt>
  34:	0c 94 3e 00 	jmp	0x7c	; 0x7c <__bad_interrupt>
  38:	0c 94 3e 00 	jmp	0x7c	; 0x7c <__bad_interrupt>
  3c:	0c 94 3e 00 	jmp	0x7c	; 0x7c <__bad_interrupt>
  40:	0c 94 3e 00 	jmp	0x7c	; 0x7c <__bad_interrupt>
  44:	0c 94 3e 00 	jmp	0x7c	; 0x7c <__bad_interrupt>
  48:	0c 94 3e 00 	jmp	0x7c	; 0x7c <__bad_interrupt>
  4c:	0c 94 3e 00 	jmp	0x7c	; 0x7c <__bad_interrupt>
  50:	0c 94 3e 00 	jmp	0x7c	; 0x7c <__bad_interrupt>
  54:	0c 94 3e 00 	jmp	0x7c	; 0x7c <__bad_interrupt>
  58:	0c 94 3e 00 	jmp	0x7c	; 0x7c <__bad_interrupt>
  5c:	0c 94 3e 00 	jmp	0x7c	; 0x7c <__bad_interrupt>
  60:	0c 94 3e 00 	jmp	0x7c	; 0x7c <__bad_interrupt>
  64:	0c 94 3e 00 	jmp	0x7c	; 0x7c <__bad_interrupt>

00000068 <__ctors_end>:
  68:	11 24       	eor	r1, r1
  6a:	1f be       	out	0x3f, r1	; 63
  6c:	cf ef       	ldi	r28, 0xFF	; 255
  6e:	d8 e0       	ldi	r29, 0x08	; 8
  70:	de bf       	out	0x3e, r29	; 62
  72:	cd bf       	out	0x3d, r28	; 61
  74:	0e 94 40 00 	call	0x80	; 0x80 <main>
  78:	0c 94 d2 00 	jmp	0x1a4	; 0x1a4 <_exit>

0000007c <__bad_interrupt>:
  7c:	0c 94 00 00 	jmp	0	; 0x0 <__vectors>

00000080 <main>:
  80:	80 e8       	ldi	r24, 0x80	; 128
  82:	80 93 61 00 	sts	0x0061, r24	; 0x800061 <__TEXT_REGION_LENGTH__+0x7e0061>
  86:	10 92 61 00 	sts	0x0061, r1	; 0x800061 <__TEXT_REGION_LENGTH__+0x7e0061>
  8a:	0e 94 b4 00 	call	0x168	; 0x168 <Timer1Setup>
  8e:	0e 94 5a 00 	call	0xb4	; 0xb4 <Task1_init>
  92:	0e 94 72 00 	call	0xe4	; 0xe4 <Task2_init>
  96:	0e 94 98 00 	call	0x130	; 0x130 <Task3_init>
  9a:	00 91 06 01 	lds	r16, 0x0106	; 0x800106 <trigger>
  9e:	01 30       	cpi	r16, 0x01	; 1
  a0:	e1 f7       	brne	.-8      	; 0x9a <main+0x1a>
  a2:	0e 94 5f 00 	call	0xbe	; 0xbe <Task1>
  a6:	0e 94 7b 00 	call	0xf6	; 0xf6 <Task2>
  aa:	0e 94 9e 00 	call	0x13c	; 0x13c <Task3>
  ae:	10 92 06 01 	sts	0x0106, r1	; 0x800106 <trigger>
  b2:	f3 cf       	rjmp	.-26     	; 0x9a <main+0x1a>

000000b4 <Task1_init>:
  b4:	24 9a       	sbi	0x04, 4	; 4
  b6:	25 9a       	sbi	0x04, 5	; 4
  b8:	2c 98       	cbi	0x05, 4	; 5
  ba:	2d 9a       	sbi	0x05, 5	; 5
  bc:	08 95       	ret

000000be <Task1>:
  be:	00 91 00 01 	lds	r16, 0x0100	; 0x800100 <Task1counter>
  c2:	03 95       	inc	r16
  c4:	00 93 00 01 	sts	0x0100, r16	; 0x800100 <Task1counter>
  c8:	11 e0       	ldi	r17, 0x01	; 1
  ca:	01 13       	cpse	r16, r17
  cc:	0a c0       	rjmp	.+20     	; 0xe2 <Task1+0x24>
  ce:	00 91 03 01 	lds	r16, 0x0103	; 0x800103 <led_on>
  d2:	01 30       	cpi	r16, 0x01	; 1
  d4:	21 f4       	brne	.+8      	; 0xde <Task1+0x20>
  d6:	05 b1       	in	r16, 0x05	; 5
  d8:	10 e3       	ldi	r17, 0x30	; 48
  da:	01 27       	eor	r16, r17
  dc:	05 b9       	out	0x05, r16	; 5
  de:	10 92 00 01 	sts	0x0100, r1	; 0x800100 <Task1counter>
  e2:	08 95       	ret

000000e4 <Task2_init>:
  e4:	10 92 01 01 	sts	0x0101, r1	; 0x800101 <Task2countH>
  e8:	10 92 02 01 	sts	0x0102, r1	; 0x800102 <Task2countL>
  ec:	56 9a       	sbi	0x0a, 6	; 10
  ee:	5e 98       	cbi	0x0b, 6	; 11
  f0:	10 92 03 01 	sts	0x0103, r1	; 0x800103 <led_on>
  f4:	08 95       	ret

000000f6 <Task2>:
  f6:	a0 91 02 01 	lds	r26, 0x0102	; 0x800102 <Task2countL>
  fa:	b0 91 01 01 	lds	r27, 0x0101	; 0x800101 <Task2countH>
  fe:	11 96       	adiw	r26, 0x01	; 1
 100:	a0 93 02 01 	sts	0x0102, r26	; 0x800102 <Task2countL>
 104:	b0 93 01 01 	sts	0x0101, r27	; 0x800101 <Task2countH>
 108:	a0 3a       	cpi	r26, 0xA0	; 160
 10a:	0f e0       	ldi	r16, 0x0F	; 15
 10c:	b0 07       	cpc	r27, r16
 10e:	79 f4       	brne	.+30     	; 0x12e <COUNT+0x34>
 110:	0b b1       	in	r16, 0x0b	; 11
 112:	10 e4       	ldi	r17, 0x40	; 64
 114:	01 27       	eor	r16, r17
 116:	10 92 03 01 	sts	0x0103, r1	; 0x800103 <led_on>
 11a:	06 ff       	sbrs	r16, 6
 11c:	03 c0       	rjmp	.+6      	; 0x124 <COUNT+0x2a>
 11e:	11 e0       	ldi	r17, 0x01	; 1
 120:	10 93 03 01 	sts	0x0103, r17	; 0x800103 <led_on>
 124:	0b b9       	out	0x0b, r16	; 11
 126:	10 92 02 01 	sts	0x0102, r1	; 0x800102 <Task2countL>
 12a:	10 92 01 01 	sts	0x0101, r1	; 0x800101 <Task2countH>
 12e:	08 95       	ret

00000130 <Task3_init>:
 130:	10 92 04 01 	sts	0x0104, r1	; 0x800104 <Task3countH>
 134:	10 92 05 01 	sts	0x0105, r1	; 0x800105 <Task3countL>
 138:	57 9a       	sbi	0x0a, 7	; 10
 13a:	08 95       	ret

0000013c <Task3>:
 13c:	a0 91 05 01 	lds	r26, 0x0105	; 0x800105 <Task3countL>
 140:	b0 91 04 01 	lds	r27, 0x0104	; 0x800104 <Task3countH>
 144:	11 96       	adiw	r26, 0x01	; 1
 146:	a0 93 05 01 	sts	0x0105, r26	; 0x800105 <Task3countL>
 14a:	b0 93 04 01 	sts	0x0104, r27	; 0x800104 <Task3countH>
 14e:	a0 3a       	cpi	r26, 0xA0	; 160
 150:	00 e0       	ldi	r16, 0x00	; 0
 152:	b0 07       	cpc	r27, r16
 154:	41 f4       	brne	.+16     	; 0x166 <Task3+0x2a>
 156:	0b b1       	in	r16, 0x0b	; 11
 158:	10 e8       	ldi	r17, 0x80	; 128
 15a:	01 27       	eor	r16, r17
 15c:	0b b9       	out	0x0b, r16	; 11
 15e:	10 92 05 01 	sts	0x0105, r1	; 0x800105 <Task3countL>
 162:	10 92 04 01 	sts	0x0104, r1	; 0x800104 <Task3countH>
 166:	08 95       	ret

00000168 <Timer1Setup>:
 168:	00 91 81 00 	lds	r16, 0x0081	; 0x800081 <__TEXT_REGION_LENGTH__+0x7e0081>
 16c:	0a 60       	ori	r16, 0x0A	; 10
 16e:	00 93 81 00 	sts	0x0081, r16	; 0x800081 <__TEXT_REGION_LENGTH__+0x7e0081>
 172:	0a ef       	ldi	r16, 0xFA	; 250
 174:	00 93 88 00 	sts	0x0088, r16	; 0x800088 <__TEXT_REGION_LENGTH__+0x7e0088>
 178:	00 e0       	ldi	r16, 0x00	; 0
 17a:	00 93 89 00 	sts	0x0089, r16	; 0x800089 <__TEXT_REGION_LENGTH__+0x7e0089>
 17e:	00 91 6f 00 	lds	r16, 0x006F	; 0x80006f <__TEXT_REGION_LENGTH__+0x7e006f>
 182:	02 60       	ori	r16, 0x02	; 2
 184:	00 93 6f 00 	sts	0x006F, r16	; 0x80006f <__TEXT_REGION_LENGTH__+0x7e006f>
 188:	78 94       	sei
 18a:	08 95       	ret

0000018c <__vector_11>:
 18c:	0f 93       	push	r16
 18e:	0f 92       	push	r0
 190:	0f b6       	in	r0, 0x3f	; 63
 192:	0f 92       	push	r0
 194:	01 e0       	ldi	r16, 0x01	; 1
 196:	00 93 06 01 	sts	0x0106, r16	; 0x800106 <trigger>
 19a:	0f 90       	pop	r0
 19c:	0f be       	out	0x3f, r0	; 63
 19e:	0f 90       	pop	r0
 1a0:	0f 91       	pop	r16
 1a2:	18 95       	reti

000001a4 <_exit>:
 1a4:	f8 94       	cli

000001a6 <__stop_program>:
 1a6:	ff cf       	rjmp	.-2      	; 0x1a6 <__stop_program>
